<?xml version="1.0" encoding="UTF-8"?>
<testng-results skipped="0" failed="0" ignored="0" total="2" passed="2">
  <reporter-output>
  </reporter-output>
  <suite name="Suite" duration-ms="38115" started-at="2019-08-29T02:14:37 PDT" finished-at="2019-08-29T02:15:15 PDT">
    <groups>
    </groups>
    <test name="Test" duration-ms="38115" started-at="2019-08-29T02:14:37 PDT" finished-at="2019-08-29T02:15:15 PDT">
      <class name="scroll_down">
        <test-method status="PASS" signature="startbrowser()[pri:0, instance:scroll_down@10dba097]" name="startbrowser" is-config="true" duration-ms="10708" started-at="2019-08-29T02:14:49 PDT" finished-at="2019-08-29T02:15:00 PDT">
          <reporter-output>
          </reporter-output>
        </test-method> <!-- startbrowser -->
        <test-method status="PASS" signature="testcases()[pri:0, instance:scroll_down@10dba097]" name="testcases" duration-ms="6058" started-at="2019-08-29T02:15:04 PDT" finished-at="2019-08-29T02:15:10 PDT">
          <reporter-output>
          </reporter-output>
        </test-method> <!-- testcases -->
        <test-method status="PASS" signature="close()[pri:0, instance:scroll_down@10dba097]" name="close" is-config="true" duration-ms="2377" started-at="2019-08-29T02:15:13 PDT" finished-at="2019-08-29T02:15:15 PDT">
          <reporter-output>
          </reporter-output>
        </test-method> <!-- close -->
      </class> <!-- scroll_down -->
      <class name="fb">
        <test-method status="PASS" signature="startbrowser()[pri:0, instance:fb@401e7803]" name="startbrowser" is-config="true" duration-ms="11964" started-at="2019-08-29T02:14:37 PDT" finished-at="2019-08-29T02:14:49 PDT">
          <reporter-output>
          </reporter-output>
        </test-method> <!-- startbrowser -->
        <test-method status="PASS" signature="testcases()[pri:0, instance:fb@401e7803]" name="testcases" duration-ms="4554" started-at="2019-08-29T02:15:00 PDT" finished-at="2019-08-29T02:15:04 PDT">
          <reporter-output>
          </reporter-output>
        </test-method> <!-- testcases -->
        <test-method status="PASS" signature="close()[pri:0, instance:fb@401e7803]" name="close" is-config="true" duration-ms="2375" started-at="2019-08-29T02:15:10 PDT" finished-at="2019-08-29T02:15:13 PDT">
          <reporter-output>
          </reporter-output>
        </test-method> <!-- close -->
      </class> <!-- fb -->
    </test> <!-- Test -->
  </suite> <!-- Suite -->
</testng-results>
